\BOOKMARK [1][-]{section.1}{Introdu\347\343o}{}% 1
\BOOKMARK [1][-]{section.2}{Especifica\347\343o}{}% 2
\BOOKMARK [1][-]{section.3}{Testes realizados}{}% 3
\BOOKMARK [2][-]{subsection.3.1}{Exerc\355cio 1}{section.3}% 4
\BOOKMARK [3][-]{subsubsection.3.1.1}{Pesos ap\363s t\351rmino do treinamento}{subsection.3.1}% 5
\BOOKMARK [3][-]{subsubsection.3.1.2}{N\372mero de \351pocas e entradas distorcidas}{subsection.3.1}% 6
\BOOKMARK [3][-]{subsubsection.3.1.3}{Sa\355da para as entradas 2,3,4,5 }{subsection.3.1}% 7
\BOOKMARK [3][-]{subsubsection.3.1.4}{Pesos ap\363s t\351rmino do treinamento iniciando-os aleatoriamente}{subsection.3.1}% 8
\BOOKMARK [3][-]{subsubsection.3.1.5}{N\372mero de \351pocas e entradas distorcidas com pesos inicias aleat\363rios}{subsection.3.1}% 9
\BOOKMARK [3][-]{subsubsection.3.1.6}{Sa\355da para as entradas 2,3,4,5}{subsection.3.1}% 10
\BOOKMARK [2][-]{subsection.3.2}{Exerc\355cio 2}{section.3}% 11
\BOOKMARK [3][-]{subsubsection.3.2.1}{Pesos e \351pocas ap\363s t\351rmino do treinamento}{subsection.3.2}% 12
\BOOKMARK [3][-]{subsubsection.3.2.2}{Resultados para entradas distorcidas}{subsection.3.2}% 13
\BOOKMARK [3][-]{subsubsection.3.2.3}{Sa\355da para as entradas 2,3,4,5}{subsection.3.2}% 14
\BOOKMARK [3][-]{subsubsection.3.2.4}{Pesos e \351pocas ap\363s t\351rmino do treinamento com pesos inicias aleat\363rios}{subsection.3.2}% 15
\BOOKMARK [3][-]{subsubsection.3.2.5}{Resultados para entradas distorcidas}{subsection.3.2}% 16
\BOOKMARK [3][-]{subsubsection.3.2.6}{Sa\355da para as entradas 2,3,4,5}{subsection.3.2}% 17
\BOOKMARK [2][-]{subsection.3.3}{Exerc\355cio 3}{section.3}% 18
\BOOKMARK [3][-]{subsubsection.3.3.1}{Pesos e \351pocas ap\363s t\351rmino do treinamento}{subsection.3.3}% 19
\BOOKMARK [3][-]{subsubsection.3.3.2}{Resultados para entradas distorcidas}{subsection.3.3}% 20
\BOOKMARK [3][-]{subsubsection.3.3.3}{Sa\355da para as entradas A,E,T,H,C,N}{subsection.3.3}% 21
\BOOKMARK [3][-]{subsubsection.3.3.4}{Pesos e \351pocas para os neur\364nios 1 2 e 3, ap\363s t\351rmino do treinamento com pesos inicias aleat\363rios}{subsection.3.3}% 22
\BOOKMARK [3][-]{subsubsection.3.3.5}{Pesos e \351pocas para os neur\364nios 4 5 e 6, ap\363s t\351rmino do treinamento com pesos inicias aleat\363rios}{subsection.3.3}% 23
\BOOKMARK [3][-]{subsubsection.3.3.6}{Resultados para entradas distorcidas}{subsection.3.3}% 24
\BOOKMARK [3][-]{subsubsection.3.3.7}{Sa\355da para as entradas A,E,T,H,C,N}{subsection.3.3}% 25
