\BOOKMARK [1][-]{section.1}{Introdu\347\343o}{}% 1
\BOOKMARK [1][-]{section.2}{Configura\347\343o do Ambiente}{}% 2
\BOOKMARK [2][-]{subsection.2.1}{OCaml}{section.2}% 3
\BOOKMARK [2][-]{subsection.2.2}{CLR}{section.2}% 4
\BOOKMARK [2][-]{subsection.2.3}{CIL}{section.2}% 5
\BOOKMARK [2][-]{subsection.2.4}{Mono}{section.2}% 6
\BOOKMARK [3][-]{subsubsection.2.4.1}{Instala\347\343o Mono}{subsection.2.4}% 7
\BOOKMARK [3][-]{subsubsection.2.4.2}{Compilando no Mono}{subsection.2.4}% 8
\BOOKMARK [3][-]{subsubsection.2.4.3}{Executando no Mono}{subsection.2.4}% 9
\BOOKMARK [3][-]{subsubsection.2.4.4}{Gerar assembly a partir de um execut\341vel no Mono}{subsection.2.4}% 10
\BOOKMARK [3][-]{subsubsection.2.4.5}{Gerar execut\341vel a partir de um assembly no Mono}{subsection.2.4}% 11
\BOOKMARK [2][-]{subsection.2.5}{Portugol}{section.2}% 12
\BOOKMARK [1][-]{section.3}{C\363digos}{}% 13
\BOOKMARK [2][-]{subsection.3.1}{Exemplo de codigo em C \043 e seu equivalente em assembly}{section.3}% 14
\BOOKMARK [2][-]{subsection.3.2}{Nano 01}{section.3}% 15
\BOOKMARK [2][-]{subsection.3.3}{Nano 02}{section.3}% 16
\BOOKMARK [2][-]{subsection.3.4}{Nano 03}{section.3}% 17
\BOOKMARK [2][-]{subsection.3.5}{Nano 04}{section.3}% 18
\BOOKMARK [2][-]{subsection.3.6}{Nano 05}{section.3}% 19
\BOOKMARK [2][-]{subsection.3.7}{Nano 06}{section.3}% 20
\BOOKMARK [2][-]{subsection.3.8}{Nano 07}{section.3}% 21
\BOOKMARK [2][-]{subsection.3.9}{Nano 08}{section.3}% 22
\BOOKMARK [2][-]{subsection.3.10}{Nano 09}{section.3}% 23
\BOOKMARK [2][-]{subsection.3.11}{Nano 10}{section.3}% 24
\BOOKMARK [2][-]{subsection.3.12}{Nano 11}{section.3}% 25
\BOOKMARK [2][-]{subsection.3.13}{Nano 12}{section.3}% 26
\BOOKMARK [2][-]{subsection.3.14}{Micro 01}{section.3}% 27
\BOOKMARK [2][-]{subsection.3.15}{Micro 02}{section.3}% 28
\BOOKMARK [2][-]{subsection.3.16}{Micro 03}{section.3}% 29
\BOOKMARK [2][-]{subsection.3.17}{Micro 04}{section.3}% 30
\BOOKMARK [2][-]{subsection.3.18}{Micro 05}{section.3}% 31
\BOOKMARK [2][-]{subsection.3.19}{Micro 06}{section.3}% 32
\BOOKMARK [2][-]{subsection.3.20}{Micro 07}{section.3}% 33
\BOOKMARK [2][-]{subsection.3.21}{Micro 08}{section.3}% 34
\BOOKMARK [2][-]{subsection.3.22}{Micro 09}{section.3}% 35
\BOOKMARK [2][-]{subsection.3.23}{Micro 10}{section.3}% 36
\BOOKMARK [2][-]{subsection.3.24}{Micro 11}{section.3}% 37
\BOOKMARK [1][-]{section.4}{Analisador L\351xico}{}% 38
\BOOKMARK [2][-]{subsection.4.1}{Aut\364mato Finito Determin\355stico}{section.4}% 39
\BOOKMARK [2][-]{subsection.4.2}{Implementa\347\343o em Ocaml}{section.4}% 40
\BOOKMARK [2][-]{subsection.4.3}{Execu\347\343o}{section.4}% 41
\BOOKMARK [1][-]{section.5}{Bibliografia}{}% 42
